C:\Users\Paulius\Desktop\TELPA\TELPA\app\app.component.js
C:\Users\Paulius\Desktop\TELPA\TELPA\app\app.component.js.map
C:\Users\Paulius\Desktop\TELPA\TELPA\app\calendar\calendar.component.js
C:\Users\Paulius\Desktop\TELPA\TELPA\app\calendar\calendar.component.js.map
C:\Users\Paulius\Desktop\TELPA\TELPA\app\app.module.js
C:\Users\Paulius\Desktop\TELPA\TELPA\app\app.module.js.map
C:\Users\Paulius\Desktop\TELPA\TELPA\app\main.js
C:\Users\Paulius\Desktop\TELPA\TELPA\app\main.js.map
C:\Users\Paulius\Desktop\TELPA\TELPA\app\calendar\calendar.component.spec.js
C:\Users\Paulius\Desktop\TELPA\TELPA\app\calendar\calendar.component.spec.js.map
C:\Users\Paulius\Desktop\TELPA\TELPA\frontend_ng\e2e\src\app.po.js
C:\Users\Paulius\Desktop\TELPA\TELPA\frontend_ng\e2e\src\app.po.js.map
C:\Users\Paulius\Desktop\TELPA\TELPA\frontend_ng\e2e\src\app.e2e-spec.js
C:\Users\Paulius\Desktop\TELPA\TELPA\frontend_ng\e2e\src\app.e2e-spec.js.map
C:\Users\Paulius\Desktop\TELPA\TELPA\frontend_ng\src\app\app-routing.module.js
C:\Users\Paulius\Desktop\TELPA\TELPA\frontend_ng\src\app\app-routing.module.js.map
C:\Users\Paulius\Desktop\TELPA\TELPA\frontend_ng\src\app\app.component.js
C:\Users\Paulius\Desktop\TELPA\TELPA\frontend_ng\src\app\app.component.js.map
C:\Users\Paulius\Desktop\TELPA\TELPA\frontend_ng\src\app\calendar\calendar.component.js
C:\Users\Paulius\Desktop\TELPA\TELPA\frontend_ng\src\app\calendar\calendar.component.js.map
C:\Users\Paulius\Desktop\TELPA\TELPA\frontend_ng\src\app\day\day.component.js
C:\Users\Paulius\Desktop\TELPA\TELPA\frontend_ng\src\app\day\day.component.js.map
C:\Users\Paulius\Desktop\TELPA\TELPA\frontend_ng\src\app\event\EventInterface.js
C:\Users\Paulius\Desktop\TELPA\TELPA\frontend_ng\src\app\event\EventInterface.js.map
C:\Users\Paulius\Desktop\TELPA\TELPA\frontend_ng\src\app\mock\mock-month.js
C:\Users\Paulius\Desktop\TELPA\TELPA\frontend_ng\src\app\mock\mock-month.js.map
C:\Users\Paulius\Desktop\TELPA\TELPA\frontend_ng\src\app\event\event.component.js
C:\Users\Paulius\Desktop\TELPA\TELPA\frontend_ng\src\app\event\event.component.js.map
C:\Users\Paulius\Desktop\TELPA\TELPA\frontend_ng\src\app\hour\hour.component.js
C:\Users\Paulius\Desktop\TELPA\TELPA\frontend_ng\src\app\hour\hour.component.js.map
C:\Users\Paulius\Desktop\TELPA\TELPA\frontend_ng\src\app\app.module.js
C:\Users\Paulius\Desktop\TELPA\TELPA\frontend_ng\src\app\app.module.js.map
C:\Users\Paulius\Desktop\TELPA\TELPA\frontend_ng\src\environments\environment.js
C:\Users\Paulius\Desktop\TELPA\TELPA\frontend_ng\src\environments\environment.js.map
C:\Users\Paulius\Desktop\TELPA\TELPA\frontend_ng\src\main.js
C:\Users\Paulius\Desktop\TELPA\TELPA\frontend_ng\src\main.js.map
C:\Users\Paulius\Desktop\TELPA\TELPA\frontend_ng\src\polyfills.js
C:\Users\Paulius\Desktop\TELPA\TELPA\frontend_ng\src\polyfills.js.map
C:\Users\Paulius\Desktop\TELPA\TELPA\frontend_ng\src\test.js
C:\Users\Paulius\Desktop\TELPA\TELPA\frontend_ng\src\test.js.map
C:\Users\Paulius\Desktop\TELPA\TELPA\frontend_ng\src\app\app.component.spec.js
C:\Users\Paulius\Desktop\TELPA\TELPA\frontend_ng\src\app\app.component.spec.js.map
C:\Users\Paulius\Desktop\TELPA\TELPA\frontend_ng\src\app\calendar\calendar.component.spec.js
C:\Users\Paulius\Desktop\TELPA\TELPA\frontend_ng\src\app\calendar\calendar.component.spec.js.map
C:\Users\Paulius\Desktop\TELPA\TELPA\frontend_ng\src\app\day\day.component.spec.js
C:\Users\Paulius\Desktop\TELPA\TELPA\frontend_ng\src\app\day\day.component.spec.js.map
C:\Users\Paulius\Desktop\TELPA\TELPA\frontend_ng\src\app\event\event.component.spec.js
C:\Users\Paulius\Desktop\TELPA\TELPA\frontend_ng\src\app\event\event.component.spec.js.map
C:\Users\Paulius\Desktop\TELPA\TELPA\frontend_ng\src\app\hour\hour.component.spec.js
C:\Users\Paulius\Desktop\TELPA\TELPA\frontend_ng\src\app\hour\hour.component.spec.js.map
C:\Users\Paulius\Desktop\TELPA\TELPA\frontend_ng\src\environments\environment.prod.js
C:\Users\Paulius\Desktop\TELPA\TELPA\frontend_ng\src\environments\environment.prod.js.map
